<?xml version="1.0" encoding="UTF-8"?>
<!-- Generated by org.testng.reporters.JUnitXMLReporter -->
<testsuite hostname="DESKTOP-D4SHPE1" name="Login_testcase" tests="3" failures="0" timestamp="29 Mar 2021 07:13:31 GMT" time="73.925" errors="0">
  <testcase name="login_with_incorrect_password" time="2.899" classname="com.appsrd.stepdefinition.login_page_test_cases"/>
  <testcase name="login_with_correct__username_password" time="9.542" classname="com.appsrd.stepdefinition.login_page_test_cases"/>
  <testcase name="Forget_password" time="0.003" classname="com.appsrd.stepdefinition.login_page_test_cases"/>
</testsuite> <!-- Login_testcase -->
