<?xml version="1.0" encoding="UTF-8"?>
<!-- Generated by org.testng.reporters.JUnitXMLReporter -->
<testsuite hostname="DESKTOP-D4SHPE1" name="Login_testcase" tests="2" failures="0" timestamp="31 Mar 2021 07:09:50 GMT" time="39.515" errors="0">
  <testcase name="login_with_incorrect_password" time="1.908" classname="com.appsrd.stepdefinition.login_page_test_cases"/>
  <testcase name="login_with_correct__username_password" time="10.938" classname="com.appsrd.stepdefinition.login_page_test_cases"/>
</testsuite> <!-- Login_testcase -->
