<?xml version="1.0" encoding="UTF-8"?>
<!-- Generated by org.testng.reporters.JUnitXMLReporter -->
<testsuite hostname="DESKTOP-D4SHPE1" name="Login_testcase" tests="3" failures="1" timestamp="29 Mar 2021 12:42:48 GMT" time="51.993" errors="0">
  <testcase name="login_with_incorrect_password" time="0.967" classname="com.appsrd.stepdefinition.login_page_test_cases">
    <failure type="java.lang.AssertionError" message="it showsIncorrect Username or Password, please check login credential and try again. expected [true] but found [false]">
      <![CDATA[java.lang.AssertionError: it showsIncorrect Username or Password, please check login credential and try again. expected [true] but found [false]
	at com.appsrd.stepdefinition.login_page_test_cases.login_with_incorrect_password(login_page_test_cases.java:29)
... Removed 31 stack frames]]>
    </failure>
  </testcase> <!-- login_with_incorrect_password -->
  <testcase name="login_with_correct__username_password" time="9.359" classname="com.appsrd.stepdefinition.login_page_test_cases"/>
  <testcase name="Forget_password" time="0.0" classname="com.appsrd.stepdefinition.login_page_test_cases"/>
</testsuite> <!-- Login_testcase -->
