<?xml version="1.0" encoding="UTF-8"?>
<!-- Generated by org.testng.reporters.JUnitXMLReporter -->
<testsuite hostname="DESKTOP-D4SHPE1" name="Login_testcase" tests="2" failures="0" timestamp="31 Mar 2021 11:14:19 GMT" time="50.507" errors="0">
  <testcase name="login_with_incorrect_password" time="1.572" classname="com.appsrd.stepdefinition.login_page_test_cases"/>
  <testcase name="login_with_correct__username_password" time="10.592" classname="com.appsrd.stepdefinition.login_page_test_cases"/>
</testsuite> <!-- Login_testcase -->
