<?xml version="1.0" encoding="UTF-8"?>
<testng-results skipped="0" failed="0" total="3" passed="3">
  <reporter-output>
  </reporter-output>
  <suite name="SRDlogistics" duration-ms="141235" started-at="2021-03-31T11:13:28Z" finished-at="2021-03-31T11:15:49Z">
    <groups>
    </groups>
    <test name="Test" duration-ms="4" started-at="2021-03-31T11:13:28Z" finished-at="2021-03-31T11:13:28Z">
    </test> <!-- Test -->
    <test name="Login_testcase" duration-ms="50507" started-at="2021-03-31T11:13:28Z" finished-at="2021-03-31T11:14:19Z">
      <class name="com.appsrd.stepdefinition.login_page_test_cases">
        <test-method status="PASS" signature="browser(java.lang.String)[pri:0, instance:com.appsrd.stepdefinition.login_page_test_cases@6a024a67]" name="browser" is-config="true" duration-ms="18268" started-at="2021-03-31T16:43:28Z" finished-at="2021-03-31T16:43:46Z">
          <params>
            <param index="0">
              <value>
                <![CDATA[http://qa.appsrdlogistics.com/]]>
              </value>
            </param>
          </params>
          <reporter-output>
          </reporter-output>
        </test-method> <!-- browser -->
        <test-method status="PASS" signature="login_with_incorrect_password(java.lang.String, java.lang.String, java.lang.String)[pri:0, instance:com.appsrd.stepdefinition.login_page_test_cases@6a024a67]" name="login_with_incorrect_password" duration-ms="1572" started-at="2021-03-31T16:43:46Z" finished-at="2021-03-31T16:43:48Z">
          <params>
            <param index="0">
              <value>
                <![CDATA[sadakath]]>
              </value>
            </param>
            <param index="1">
              <value>
                <![CDATA[xxxx]]>
              </value>
            </param>
            <param index="2">
              <value>
                <![CDATA[Incorrect Username or Password, please check login credential and try again.]]>
              </value>
            </param>
          </params>
          <reporter-output>
          </reporter-output>
        </test-method> <!-- login_with_incorrect_password -->
        <test-method status="PASS" signature="close()[pri:0, instance:com.appsrd.stepdefinition.login_page_test_cases@6a024a67]" name="close" is-config="true" duration-ms="233" started-at="2021-03-31T16:43:48Z" finished-at="2021-03-31T16:43:48Z">
          <reporter-output>
          </reporter-output>
        </test-method> <!-- close -->
        <test-method status="PASS" signature="browser(java.lang.String)[pri:0, instance:com.appsrd.stepdefinition.login_page_test_cases@6a024a67]" name="browser" is-config="true" duration-ms="19718" started-at="2021-03-31T16:43:48Z" finished-at="2021-03-31T16:44:08Z">
          <params>
            <param index="0">
              <value>
                <![CDATA[http://qa.appsrdlogistics.com/]]>
              </value>
            </param>
          </params>
          <reporter-output>
          </reporter-output>
        </test-method> <!-- browser -->
        <test-method status="PASS" signature="login_with_correct__username_password(java.lang.String, java.lang.String, java.lang.String)[pri:0, instance:com.appsrd.stepdefinition.login_page_test_cases@6a024a67]" name="login_with_correct__username_password" duration-ms="10592" started-at="2021-03-31T16:44:08Z" finished-at="2021-03-31T16:44:19Z">
          <params>
            <param index="0">
              <value>
                <![CDATA[sadakath]]>
              </value>
            </param>
            <param index="1">
              <value>
                <![CDATA[srdsrd2020]]>
              </value>
            </param>
            <param index="2">
              <value>
                <![CDATA[http://qa.appsrdlogistics.com/dashboard/classic]]>
              </value>
            </param>
          </params>
          <reporter-output>
          </reporter-output>
        </test-method> <!-- login_with_correct__username_password -->
        <test-method status="PASS" signature="close()[pri:0, instance:com.appsrd.stepdefinition.login_page_test_cases@6a024a67]" name="close" is-config="true" duration-ms="109" started-at="2021-03-31T16:44:19Z" finished-at="2021-03-31T16:44:19Z">
          <reporter-output>
          </reporter-output>
        </test-method> <!-- close -->
      </class> <!-- com.appsrd.stepdefinition.login_page_test_cases -->
    </test> <!-- Login_testcase -->
    <test name="Report_testcase" duration-ms="90545" started-at="2021-03-31T11:14:19Z" finished-at="2021-03-31T11:15:49Z">
      <class name="com.appsrd.stepdefinition.report_page_test_cases">
        <test-method status="PASS" signature="browser(java.lang.String, java.lang.String, java.lang.String)[pri:0, instance:com.appsrd.stepdefinition.report_page_test_cases@50c87b21]" name="browser" is-config="true" duration-ms="17996" started-at="2021-03-31T16:44:19Z" finished-at="2021-03-31T16:44:37Z">
          <params>
            <param index="0">
              <value>
                <![CDATA[http://qa.appsrdlogistics.com/]]>
              </value>
            </param>
            <param index="1">
              <value>
                <![CDATA[sadakath]]>
              </value>
            </param>
            <param index="2">
              <value>
                <![CDATA[srdsrd2020]]>
              </value>
            </param>
          </params>
          <reporter-output>
          </reporter-output>
        </test-method> <!-- browser -->
        <test-method status="PASS" signature="Memo_less_report(java.lang.String, java.lang.String)[pri:0, instance:com.appsrd.stepdefinition.report_page_test_cases@50c87b21]" name="Memo_less_report" duration-ms="72466" started-at="2021-03-31T16:44:37Z" finished-at="2021-03-31T16:45:49Z">
          <params>
            <param index="0">
              <value>
                <![CDATA[2021-01-01]]>
              </value>
            </param>
            <param index="1">
              <value>
                <![CDATA[2021-01-01]]>
              </value>
            </param>
          </params>
          <reporter-output>
          </reporter-output>
        </test-method> <!-- Memo_less_report -->
        <test-method status="PASS" signature="close()[pri:0, instance:com.appsrd.stepdefinition.report_page_test_cases@50c87b21]" name="close" is-config="true" duration-ms="81" started-at="2021-03-31T16:45:49Z" finished-at="2021-03-31T16:45:49Z">
          <reporter-output>
          </reporter-output>
        </test-method> <!-- close -->
      </class> <!-- com.appsrd.stepdefinition.report_page_test_cases -->
    </test> <!-- Report_testcase -->
  </suite> <!-- SRDlogistics -->
</testng-results>
