<?xml version="1.0" encoding="UTF-8"?>
<testng-results skipped="0" failed="0" total="1" passed="1">
  <reporter-output>
  </reporter-output>
  <suite name="SRDlogistics" duration-ms="65573" started-at="2021-04-03T08:54:47Z" finished-at="2021-04-03T08:55:53Z">
    <groups>
    </groups>
    <test name="Test" duration-ms="9" started-at="2021-04-03T08:54:47Z" finished-at="2021-04-03T08:54:47Z">
    </test> <!-- Test -->
    <test name="Report_testcase" duration-ms="65530" started-at="2021-04-03T08:54:47Z" finished-at="2021-04-03T08:55:53Z">
      <class name="com.appsrd.stepdefinition.report_page_test_cases">
        <test-method status="PASS" signature="browser(java.lang.String, java.lang.String, java.lang.String)[pri:0, instance:com.appsrd.stepdefinition.report_page_test_cases@42dafa95]" name="browser" is-config="true" duration-ms="17515" started-at="2021-04-03T14:24:47Z" finished-at="2021-04-03T14:25:05Z">
          <params>
            <param index="0">
              <value>
                <![CDATA[http://qa.appsrdlogistics.com/]]>
              </value>
            </param>
            <param index="1">
              <value>
                <![CDATA[sadakath]]>
              </value>
            </param>
            <param index="2">
              <value>
                <![CDATA[srdsrd2020]]>
              </value>
            </param>
          </params>
          <reporter-output>
          </reporter-output>
        </test-method> <!-- browser -->
        <test-method status="PASS" signature="GC_Not_ReceivedReport(java.lang.String)[pri:0, instance:com.appsrd.stepdefinition.report_page_test_cases@42dafa95]" name="GC_Not_ReceivedReport" duration-ms="47778" started-at="2021-04-03T14:25:05Z" finished-at="2021-04-03T14:25:53Z">
          <params>
            <param index="0">
              <value>
                <![CDATA[22021-04-02]]>
              </value>
            </param>
          </params>
          <reporter-output>
          </reporter-output>
        </test-method> <!-- GC_Not_ReceivedReport -->
        <test-method status="PASS" signature="close()[pri:0, instance:com.appsrd.stepdefinition.report_page_test_cases@42dafa95]" name="close" is-config="true" duration-ms="215" started-at="2021-04-03T14:25:53Z" finished-at="2021-04-03T14:25:53Z">
          <reporter-output>
          </reporter-output>
        </test-method> <!-- close -->
      </class> <!-- com.appsrd.stepdefinition.report_page_test_cases -->
    </test> <!-- Report_testcase -->
  </suite> <!-- SRDlogistics -->
</testng-results>
